2023-01-16 19:45:15,319 [Worker-6: Loading available Gradle versions] INFO  o.e.b.c.i.u.g.PublishedGradleVersions - Gradle version information cache is up-to-date. Trying to read.
2023-01-16 22:27:42,895 [Worker-16: Import Getting Started Content] INFO  o.e.m.c.i.l.LifecycleMappingFactory - Using org.eclipse.m2e.jdt.JarLifecycleMapping lifecycle mapping for MavenProject: com.Product:Product_crud-1:0.0.1-SNAPSHOT @ C:\Users\Gagan Kumar\Documents\workspace-spring-tool-suite-4-4.17.1.RELEASE\Product_crud-1\pom.xml.
2023-01-16 22:27:44,814 [Worker-16: Import Getting Started Content] INFO  o.e.m.j.i.AbstractJavaProjectConfigurator - Adding source folder /Product_crud-1/src/main/java
2023-01-16 22:27:44,816 [Worker-16: Import Getting Started Content] INFO  o.e.m.j.i.AbstractJavaProjectConfigurator - Adding resource folder /Product_crud-1/src/main/resources
2023-01-16 22:27:44,822 [Worker-16: Import Getting Started Content] INFO  o.e.m.j.i.AbstractJavaProjectConfigurator - Adding resource folder /Product_crud-1/src/main/resources
2023-01-16 22:27:44,828 [Worker-16: Import Getting Started Content] INFO  o.e.m.j.i.AbstractJavaProjectConfigurator - Adding source folder /Product_crud-1/src/test/java
2023-01-16 22:27:45,465 [Worker-16: Import Getting Started Content] INFO  o.e.m.c.i.p.ProjectConfigurationManager - Imported and configured 1 project(s) in 4 sec
2023-01-16 22:27:45,472 [Worker-16: Import Getting Started Content] INFO  o.e.m.c.i.p.ProjectConfigurationManager - Update started
2023-01-16 22:27:45,857 [Worker-16: Import Getting Started Content] INFO  o.e.m.c.i.l.LifecycleMappingFactory - Using org.eclipse.m2e.jdt.JarLifecycleMapping lifecycle mapping for MavenProject: com.Product:Product_crud-1:0.0.1-SNAPSHOT @ C:\Users\Gagan Kumar\Documents\workspace-spring-tool-suite-4-4.17.1.RELEASE\Product_crud-1\pom.xml.
2023-01-16 22:27:46,620 [Worker-16: Import Getting Started Content] INFO  o.e.m.j.i.AbstractJavaProjectConfigurator - Adding source folder /Product_crud-1/src/main/java
2023-01-16 22:27:46,621 [Worker-16: Import Getting Started Content] INFO  o.e.m.j.i.AbstractJavaProjectConfigurator - Adding resource folder /Product_crud-1/src/main/resources
2023-01-16 22:27:46,622 [Worker-16: Import Getting Started Content] INFO  o.e.m.j.i.AbstractJavaProjectConfigurator - Adding resource folder /Product_crud-1/src/main/resources
2023-01-16 22:27:46,623 [Worker-16: Import Getting Started Content] INFO  o.e.m.j.i.AbstractJavaProjectConfigurator - Adding source folder /Product_crud-1/src/test/java
2023-01-16 22:27:47,010 [Worker-16: Import Getting Started Content] INFO  o.e.m.c.i.p.ProjectConfigurationManager - Update completed for 1 poms: local refresh takes 0.00 sec, refresh facades takes 1.00 sec, update config takes 0.00 sec 
2023-01-16 22:27:47,065 [Worker-22: Updating Maven Project] INFO  o.e.m.c.i.p.ProjectConfigurationManager - Update started
2023-01-16 22:27:47,556 [Worker-22: Updating Maven Project] INFO  o.e.m.c.i.l.LifecycleMappingFactory - Using org.eclipse.m2e.jdt.JarLifecycleMapping lifecycle mapping for MavenProject: com.Product:Product_crud-1:0.0.1-SNAPSHOT @ C:\Users\Gagan Kumar\Documents\workspace-spring-tool-suite-4-4.17.1.RELEASE\Product_crud-1\pom.xml.
2023-01-16 22:27:48,248 [Worker-22: Updating Maven Project] INFO  o.e.m.j.i.AbstractJavaProjectConfigurator - Adding source folder /Product_crud-1/src/main/java
2023-01-16 22:27:48,248 [Worker-22: Updating Maven Project] INFO  o.e.m.j.i.AbstractJavaProjectConfigurator - Adding resource folder /Product_crud-1/src/main/resources
2023-01-16 22:27:48,249 [Worker-22: Updating Maven Project] INFO  o.e.m.j.i.AbstractJavaProjectConfigurator - Adding resource folder /Product_crud-1/src/main/resources
2023-01-16 22:27:48,250 [Worker-22: Updating Maven Project] INFO  o.e.m.j.i.AbstractJavaProjectConfigurator - Adding source folder /Product_crud-1/src/test/java
2023-01-16 22:27:48,660 [Worker-22: Updating Maven Project] INFO  o.e.m.c.i.p.ProjectConfigurationManager - Update completed for 1 poms: local refresh takes 0.00 sec, refresh facades takes 1.00 sec, update config takes 0.00 sec 
2023-01-16 22:51:40,747 [Worker-30: Updating Maven Project] INFO  o.e.m.c.i.p.ProjectConfigurationManager - Update started
2023-01-16 22:51:41,176 [Worker-30: Updating Maven Project] INFO  o.e.m.c.i.l.LifecycleMappingFactory - Using org.eclipse.m2e.jdt.JarLifecycleMapping lifecycle mapping for MavenProject: com.Product:Product_crud-1:0.0.1-SNAPSHOT @ C:\Users\Gagan Kumar\Documents\workspace-spring-tool-suite-4-4.17.1.RELEASE\Product_crud-1\pom.xml.
2023-01-16 22:51:41,954 [Worker-30: Updating Maven Project] INFO  o.e.m.j.i.AbstractJavaProjectConfigurator - Adding source folder /Product_crud-1/src/main/java
2023-01-16 22:51:41,955 [Worker-30: Updating Maven Project] INFO  o.e.m.j.i.AbstractJavaProjectConfigurator - Adding resource folder /Product_crud-1/src/main/resources
2023-01-16 22:51:41,957 [Worker-30: Updating Maven Project] INFO  o.e.m.j.i.AbstractJavaProjectConfigurator - Adding resource folder /Product_crud-1/src/main/resources
2023-01-16 22:51:41,958 [Worker-30: Updating Maven Project] INFO  o.e.m.j.i.AbstractJavaProjectConfigurator - Adding source folder /Product_crud-1/src/test/java
2023-01-16 22:51:42,427 [Worker-30: Updating Maven Project] INFO  o.e.m.c.i.p.ProjectConfigurationManager - Update completed for 1 poms: local refresh takes 0.00 sec, refresh facades takes 1.00 sec, update config takes 0.00 sec 
2023-01-16 22:53:20,833 [Worker-33: Updating Maven Project] INFO  o.e.m.c.i.p.ProjectConfigurationManager - Update started
2023-01-16 22:53:21,119 [Worker-33: Updating Maven Project] INFO  o.e.m.c.i.l.LifecycleMappingFactory - Using org.eclipse.m2e.jdt.JarLifecycleMapping lifecycle mapping for MavenProject: com.Product:Product_crud-1:0.0.1-SNAPSHOT @ C:\Users\Gagan Kumar\Documents\workspace-spring-tool-suite-4-4.17.1.RELEASE\Product_crud-1\pom.xml.
2023-01-16 22:53:21,604 [Worker-33: Updating Maven Project] INFO  o.e.m.j.i.AbstractJavaProjectConfigurator - Adding source folder /Product_crud-1/src/main/java
2023-01-16 22:53:21,605 [Worker-33: Updating Maven Project] INFO  o.e.m.j.i.AbstractJavaProjectConfigurator - Adding resource folder /Product_crud-1/src/main/resources
2023-01-16 22:53:21,606 [Worker-33: Updating Maven Project] INFO  o.e.m.j.i.AbstractJavaProjectConfigurator - Adding resource folder /Product_crud-1/src/main/resources
2023-01-16 22:53:21,607 [Worker-33: Updating Maven Project] INFO  o.e.m.j.i.AbstractJavaProjectConfigurator - Adding source folder /Product_crud-1/src/test/java
2023-01-16 22:53:21,900 [Worker-33: Updating Maven Project] INFO  o.e.m.c.i.p.ProjectConfigurationManager - Update completed for 1 poms: local refresh takes 0.00 sec, refresh facades takes 0.00 sec, update config takes 0.00 sec 
2023-01-16 22:53:35,557 [Worker-27: Updating Maven Project] INFO  o.e.m.c.i.p.ProjectConfigurationManager - Update started
2023-01-16 22:53:35,871 [Worker-27: Updating Maven Project] INFO  o.e.m.c.i.l.LifecycleMappingFactory - Using org.eclipse.m2e.jdt.JarLifecycleMapping lifecycle mapping for MavenProject: com.Product:Product_crud-1:0.0.1-SNAPSHOT @ C:\Users\Gagan Kumar\Documents\workspace-spring-tool-suite-4-4.17.1.RELEASE\Product_crud-1\pom.xml.
2023-01-16 22:53:36,401 [Worker-27: Updating Maven Project] INFO  o.e.m.j.i.AbstractJavaProjectConfigurator - Adding source folder /Product_crud-1/src/main/java
2023-01-16 22:53:36,401 [Worker-27: Updating Maven Project] INFO  o.e.m.j.i.AbstractJavaProjectConfigurator - Adding resource folder /Product_crud-1/src/main/resources
2023-01-16 22:53:36,402 [Worker-27: Updating Maven Project] INFO  o.e.m.j.i.AbstractJavaProjectConfigurator - Adding resource folder /Product_crud-1/src/main/resources
2023-01-16 22:53:36,402 [Worker-27: Updating Maven Project] INFO  o.e.m.j.i.AbstractJavaProjectConfigurator - Adding source folder /Product_crud-1/src/test/java
2023-01-16 22:53:36,749 [Worker-27: Updating Maven Project] INFO  o.e.m.c.i.p.ProjectConfigurationManager - Update completed for 1 poms: local refresh takes 0.00 sec, refresh facades takes 0.00 sec, update config takes 0.00 sec 
2023-01-16 22:54:30,650 [Worker-30: Updating Maven Project] INFO  o.e.m.c.i.p.ProjectConfigurationManager - Update started
2023-01-16 22:54:30,944 [Worker-30: Updating Maven Project] INFO  o.e.m.c.i.l.LifecycleMappingFactory - Using org.eclipse.m2e.jdt.JarLifecycleMapping lifecycle mapping for MavenProject: com.Product:Product_crud-1:0.0.1-SNAPSHOT @ C:\Users\Gagan Kumar\Documents\workspace-spring-tool-suite-4-4.17.1.RELEASE\Product_crud-1\pom.xml.
2023-01-16 22:54:31,463 [Worker-30: Updating Maven Project] INFO  o.e.m.j.i.AbstractJavaProjectConfigurator - Adding source folder /Product_crud-1/src/main/java
2023-01-16 22:54:31,465 [Worker-30: Updating Maven Project] INFO  o.e.m.j.i.AbstractJavaProjectConfigurator - Adding resource folder /Product_crud-1/src/main/resources
2023-01-16 22:54:31,466 [Worker-30: Updating Maven Project] INFO  o.e.m.j.i.AbstractJavaProjectConfigurator - Adding resource folder /Product_crud-1/src/main/resources
2023-01-16 22:54:31,467 [Worker-30: Updating Maven Project] INFO  o.e.m.j.i.AbstractJavaProjectConfigurator - Adding source folder /Product_crud-1/src/test/java
2023-01-16 22:54:31,786 [Worker-30: Updating Maven Project] INFO  o.e.m.c.i.p.ProjectConfigurationManager - Update completed for 1 poms: local refresh takes 0.00 sec, refresh facades takes 0.00 sec, update config takes 0.00 sec 
2023-01-16 22:54:41,447 [Worker-33: Updating Maven Project] INFO  o.e.m.c.i.p.ProjectConfigurationManager - Update started
2023-01-16 22:54:41,719 [Worker-33: Updating Maven Project] INFO  o.e.m.c.i.l.LifecycleMappingFactory - Using org.eclipse.m2e.jdt.JarLifecycleMapping lifecycle mapping for MavenProject: com.Product:Product_crud-1:0.0.1-SNAPSHOT @ C:\Users\Gagan Kumar\Documents\workspace-spring-tool-suite-4-4.17.1.RELEASE\Product_crud-1\pom.xml.
2023-01-16 22:54:42,125 [Worker-33: Updating Maven Project] INFO  o.e.m.j.i.AbstractJavaProjectConfigurator - Adding source folder /Product_crud-1/src/main/java
2023-01-16 22:54:42,126 [Worker-33: Updating Maven Project] INFO  o.e.m.j.i.AbstractJavaProjectConfigurator - Adding resource folder /Product_crud-1/src/main/resources
2023-01-16 22:54:42,126 [Worker-33: Updating Maven Project] INFO  o.e.m.j.i.AbstractJavaProjectConfigurator - Adding resource folder /Product_crud-1/src/main/resources
2023-01-16 22:54:42,128 [Worker-33: Updating Maven Project] INFO  o.e.m.j.i.AbstractJavaProjectConfigurator - Adding source folder /Product_crud-1/src/test/java
2023-01-16 22:54:42,450 [Worker-33: Updating Maven Project] INFO  o.e.m.c.i.p.ProjectConfigurationManager - Update completed for 1 poms: local refresh takes 0.00 sec, refresh facades takes 0.00 sec, update config takes 0.00 sec 
2023-01-16 22:55:59,135 [Worker-32: Updating Maven Project] INFO  o.e.m.c.i.p.ProjectConfigurationManager - Update started
2023-01-16 22:55:59,357 [Worker-32: Updating Maven Project] INFO  o.e.m.c.i.l.LifecycleMappingFactory - Using org.eclipse.m2e.jdt.JarLifecycleMapping lifecycle mapping for MavenProject: com.Product:Product_crud-1:0.0.1-SNAPSHOT @ C:\Users\Gagan Kumar\Documents\workspace-spring-tool-suite-4-4.17.1.RELEASE\Product_crud-1\pom.xml.
2023-01-16 22:55:59,800 [Worker-32: Updating Maven Project] INFO  o.e.m.j.i.AbstractJavaProjectConfigurator - Adding source folder /Product_crud-1/src/main/java
2023-01-16 22:55:59,800 [Worker-32: Updating Maven Project] INFO  o.e.m.j.i.AbstractJavaProjectConfigurator - Adding resource folder /Product_crud-1/src/main/resources
2023-01-16 22:55:59,801 [Worker-32: Updating Maven Project] INFO  o.e.m.j.i.AbstractJavaProjectConfigurator - Adding resource folder /Product_crud-1/src/main/resources
2023-01-16 22:55:59,802 [Worker-32: Updating Maven Project] INFO  o.e.m.j.i.AbstractJavaProjectConfigurator - Adding source folder /Product_crud-1/src/test/java
2023-01-16 22:56:00,175 [Worker-32: Updating Maven Project] INFO  o.e.m.c.i.p.ProjectConfigurationManager - Update completed for 1 poms: local refresh takes 0.00 sec, refresh facades takes 0.00 sec, update config takes 0.00 sec 
2023-01-16 22:56:36,388 [Worker-28: Updating Maven Project] INFO  o.e.m.c.i.p.ProjectConfigurationManager - Update started
2023-01-16 22:56:36,690 [Worker-28: Updating Maven Project] INFO  o.e.m.c.i.l.LifecycleMappingFactory - Using org.eclipse.m2e.jdt.JarLifecycleMapping lifecycle mapping for MavenProject: com.Product:Product_crud-1:0.0.1-SNAPSHOT @ C:\Users\Gagan Kumar\Documents\workspace-spring-tool-suite-4-4.17.1.RELEASE\Product_crud-1\pom.xml.
2023-01-16 22:56:37,230 [Worker-28: Updating Maven Project] INFO  o.e.m.j.i.AbstractJavaProjectConfigurator - Adding source folder /Product_crud-1/src/main/java
2023-01-16 22:56:37,230 [Worker-28: Updating Maven Project] INFO  o.e.m.j.i.AbstractJavaProjectConfigurator - Adding resource folder /Product_crud-1/src/main/resources
2023-01-16 22:56:37,230 [Worker-28: Updating Maven Project] INFO  o.e.m.j.i.AbstractJavaProjectConfigurator - Adding resource folder /Product_crud-1/src/main/resources
2023-01-16 22:56:37,231 [Worker-28: Updating Maven Project] INFO  o.e.m.j.i.AbstractJavaProjectConfigurator - Adding source folder /Product_crud-1/src/test/java
2023-01-16 22:56:37,517 [Worker-28: Updating Maven Project] INFO  o.e.m.c.i.p.ProjectConfigurationManager - Update completed for 1 poms: local refresh takes 0.00 sec, refresh facades takes 0.00 sec, update config takes 0.00 sec 
2023-01-16 22:58:38,021 [Worker-32: Updating Maven Project] INFO  o.e.m.c.i.p.ProjectConfigurationManager - Update started
2023-01-16 22:58:38,215 [Worker-32: Updating Maven Project] INFO  o.e.m.c.i.l.LifecycleMappingFactory - Using org.eclipse.m2e.jdt.JarLifecycleMapping lifecycle mapping for MavenProject: com.Product:Product_crud-1:0.0.1-SNAPSHOT @ C:\Users\Gagan Kumar\Documents\workspace-spring-tool-suite-4-4.17.1.RELEASE\Product_crud-1\pom.xml.
2023-01-16 22:58:38,673 [Worker-32: Updating Maven Project] INFO  o.e.m.j.i.AbstractJavaProjectConfigurator - Adding source folder /Product_crud-1/src/main/java
2023-01-16 22:58:38,674 [Worker-32: Updating Maven Project] INFO  o.e.m.j.i.AbstractJavaProjectConfigurator - Adding resource folder /Product_crud-1/src/main/resources
2023-01-16 22:58:38,675 [Worker-32: Updating Maven Project] INFO  o.e.m.j.i.AbstractJavaProjectConfigurator - Adding resource folder /Product_crud-1/src/main/resources
2023-01-16 22:58:38,675 [Worker-32: Updating Maven Project] INFO  o.e.m.j.i.AbstractJavaProjectConfigurator - Adding source folder /Product_crud-1/src/test/java
2023-01-16 22:58:38,971 [Worker-32: Updating Maven Project] INFO  o.e.m.c.i.p.ProjectConfigurationManager - Update completed for 1 poms: local refresh takes 0.00 sec, refresh facades takes 0.00 sec, update config takes 0.00 sec 
2023-01-16 23:04:58,873 [Worker-36: Updating Maven Project] INFO  o.e.m.c.i.p.ProjectConfigurationManager - Update started
2023-01-16 23:04:59,351 [Worker-36: Updating Maven Project] INFO  o.e.m.c.i.l.LifecycleMappingFactory - Using org.eclipse.m2e.jdt.JarLifecycleMapping lifecycle mapping for MavenProject: com.Product:Product_crud-1:0.0.1-SNAPSHOT @ C:\Users\Gagan Kumar\Documents\workspace-spring-tool-suite-4-4.17.1.RELEASE\Product_crud-1\pom.xml.
2023-01-16 23:05:00,165 [Worker-36: Updating Maven Project] INFO  o.e.m.j.i.AbstractJavaProjectConfigurator - Adding source folder /Product_crud-1/src/main/java
2023-01-16 23:05:00,166 [Worker-36: Updating Maven Project] INFO  o.e.m.j.i.AbstractJavaProjectConfigurator - Adding resource folder /Product_crud-1/src/main/resources
2023-01-16 23:05:00,166 [Worker-36: Updating Maven Project] INFO  o.e.m.j.i.AbstractJavaProjectConfigurator - Adding resource folder /Product_crud-1/src/main/resources
2023-01-16 23:05:00,168 [Worker-36: Updating Maven Project] INFO  o.e.m.j.i.AbstractJavaProjectConfigurator - Adding source folder /Product_crud-1/src/test/java
2023-01-16 23:05:00,581 [Worker-36: Updating Maven Project] INFO  o.e.m.c.i.p.ProjectConfigurationManager - Update completed for 1 poms: local refresh takes 0.00 sec, refresh facades takes 1.00 sec, update config takes 0.00 sec 
2023-01-16 23:06:01,579 [Worker-38: Updating Maven Project] INFO  o.e.m.c.i.p.ProjectConfigurationManager - Update started
2023-01-16 23:06:01,829 [Worker-38: Updating Maven Project] INFO  o.e.m.c.i.l.LifecycleMappingFactory - Using org.eclipse.m2e.jdt.JarLifecycleMapping lifecycle mapping for MavenProject: com.Product:Product_crud-1:0.0.1-SNAPSHOT @ C:\Users\Gagan Kumar\Documents\workspace-spring-tool-suite-4-4.17.1.RELEASE\Product_crud-1\pom.xml.
2023-01-16 23:06:02,296 [Worker-38: Updating Maven Project] INFO  o.e.m.j.i.AbstractJavaProjectConfigurator - Adding source folder /Product_crud-1/src/main/java
2023-01-16 23:06:02,297 [Worker-38: Updating Maven Project] INFO  o.e.m.j.i.AbstractJavaProjectConfigurator - Adding resource folder /Product_crud-1/src/main/resources
2023-01-16 23:06:02,298 [Worker-38: Updating Maven Project] INFO  o.e.m.j.i.AbstractJavaProjectConfigurator - Adding resource folder /Product_crud-1/src/main/resources
2023-01-16 23:06:02,299 [Worker-38: Updating Maven Project] INFO  o.e.m.j.i.AbstractJavaProjectConfigurator - Adding source folder /Product_crud-1/src/test/java
2023-01-16 23:06:02,649 [Worker-38: Updating Maven Project] INFO  o.e.m.c.i.p.ProjectConfigurationManager - Update completed for 1 poms: local refresh takes 0.00 sec, refresh facades takes 0.00 sec, update config takes 0.00 sec 
2023-01-16 23:06:23,461 [Worker-39: Updating Maven Project] INFO  o.e.m.c.i.p.ProjectConfigurationManager - Update started
2023-01-16 23:06:23,749 [Worker-39: Updating Maven Project] INFO  o.e.m.c.i.l.LifecycleMappingFactory - Using org.eclipse.m2e.jdt.JarLifecycleMapping lifecycle mapping for MavenProject: com.Product:Product_crud-1:0.0.1-SNAPSHOT @ C:\Users\Gagan Kumar\Documents\workspace-spring-tool-suite-4-4.17.1.RELEASE\Product_crud-1\pom.xml.
2023-01-16 23:06:24,170 [Worker-39: Updating Maven Project] INFO  o.e.m.j.i.AbstractJavaProjectConfigurator - Adding source folder /Product_crud-1/src/main/java
2023-01-16 23:06:24,170 [Worker-39: Updating Maven Project] INFO  o.e.m.j.i.AbstractJavaProjectConfigurator - Adding resource folder /Product_crud-1/src/main/resources
2023-01-16 23:06:24,172 [Worker-39: Updating Maven Project] INFO  o.e.m.j.i.AbstractJavaProjectConfigurator - Adding resource folder /Product_crud-1/src/main/resources
2023-01-16 23:06:24,172 [Worker-39: Updating Maven Project] INFO  o.e.m.j.i.AbstractJavaProjectConfigurator - Adding source folder /Product_crud-1/src/test/java
2023-01-16 23:06:24,486 [Worker-39: Updating Maven Project] INFO  o.e.m.c.i.p.ProjectConfigurationManager - Update completed for 1 poms: local refresh takes 0.00 sec, refresh facades takes 0.00 sec, update config takes 0.00 sec 
2023-01-16 23:06:43,660 [Worker-41: Updating Maven Project] INFO  o.e.m.c.i.p.ProjectConfigurationManager - Update started
2023-01-16 23:06:43,892 [Worker-41: Updating Maven Project] INFO  o.e.m.c.i.l.LifecycleMappingFactory - Using org.eclipse.m2e.jdt.JarLifecycleMapping lifecycle mapping for MavenProject: com.Product:Product_crud-1:0.0.1-SNAPSHOT @ C:\Users\Gagan Kumar\Documents\workspace-spring-tool-suite-4-4.17.1.RELEASE\Product_crud-1\pom.xml.
2023-01-16 23:06:44,338 [Worker-41: Updating Maven Project] INFO  o.e.m.j.i.AbstractJavaProjectConfigurator - Adding source folder /Product_crud-1/src/main/java
2023-01-16 23:06:44,339 [Worker-41: Updating Maven Project] INFO  o.e.m.j.i.AbstractJavaProjectConfigurator - Adding resource folder /Product_crud-1/src/main/resources
2023-01-16 23:06:44,340 [Worker-41: Updating Maven Project] INFO  o.e.m.j.i.AbstractJavaProjectConfigurator - Adding resource folder /Product_crud-1/src/main/resources
2023-01-16 23:06:44,341 [Worker-41: Updating Maven Project] INFO  o.e.m.j.i.AbstractJavaProjectConfigurator - Adding source folder /Product_crud-1/src/test/java
2023-01-16 23:06:44,638 [Worker-41: Updating Maven Project] INFO  o.e.m.c.i.p.ProjectConfigurationManager - Update completed for 1 poms: local refresh takes 0.00 sec, refresh facades takes 0.00 sec, update config takes 0.00 sec 
2023-01-17 10:22:27,700 [Worker-4: Loading available Gradle versions] INFO  o.e.b.c.i.u.g.PublishedGradleVersions - Gradle version information cache is up-to-date. Trying to read.
2023-01-17 10:23:40,488 [Worker-9: Updating Maven Project] INFO  o.e.m.c.i.p.ProjectConfigurationManager - Update started
2023-01-17 10:23:41,631 [Worker-9: Updating Maven Project] INFO  o.e.m.c.i.l.LifecycleMappingFactory - Using org.eclipse.m2e.jdt.JarLifecycleMapping lifecycle mapping for MavenProject: com.Product:Product_crud-1:0.0.1-SNAPSHOT @ C:\Users\Gagan Kumar\Documents\workspace-spring-tool-suite-4-4.17.1.RELEASE\Product_crud-1\pom.xml.
2023-01-17 10:23:43,321 [Worker-9: Updating Maven Project] INFO  o.e.m.j.i.AbstractJavaProjectConfigurator - Adding source folder /Product_crud-1/src/main/java
2023-01-17 10:23:43,322 [Worker-9: Updating Maven Project] INFO  o.e.m.j.i.AbstractJavaProjectConfigurator - Adding resource folder /Product_crud-1/src/main/resources
2023-01-17 10:23:43,324 [Worker-9: Updating Maven Project] INFO  o.e.m.j.i.AbstractJavaProjectConfigurator - Adding resource folder /Product_crud-1/src/main/resources
2023-01-17 10:23:43,326 [Worker-9: Updating Maven Project] INFO  o.e.m.j.i.AbstractJavaProjectConfigurator - Adding source folder /Product_crud-1/src/test/java
2023-01-17 10:23:44,325 [Worker-9: Updating Maven Project] INFO  o.e.m.c.i.p.ProjectConfigurationManager - Update completed for 1 poms: local refresh takes 0.00 sec, refresh facades takes 2.00 sec, update config takes 0.00 sec 
2023-01-17 10:24:18,718 [Worker-3: Updating Maven Project] INFO  o.e.m.c.i.p.ProjectConfigurationManager - Update started
2023-01-17 10:24:19,199 [Worker-3: Updating Maven Project] INFO  o.e.m.c.i.l.LifecycleMappingFactory - Using org.eclipse.m2e.jdt.JarLifecycleMapping lifecycle mapping for MavenProject: com.Product:Product_crud-1:0.0.1-SNAPSHOT @ C:\Users\Gagan Kumar\Documents\workspace-spring-tool-suite-4-4.17.1.RELEASE\Product_crud-1\pom.xml.
2023-01-17 10:24:20,062 [Worker-3: Updating Maven Project] INFO  o.e.m.j.i.AbstractJavaProjectConfigurator - Adding source folder /Product_crud-1/src/main/java
2023-01-17 10:24:20,063 [Worker-3: Updating Maven Project] INFO  o.e.m.j.i.AbstractJavaProjectConfigurator - Adding resource folder /Product_crud-1/src/main/resources
2023-01-17 10:24:20,065 [Worker-3: Updating Maven Project] INFO  o.e.m.j.i.AbstractJavaProjectConfigurator - Adding resource folder /Product_crud-1/src/main/resources
2023-01-17 10:24:20,067 [Worker-3: Updating Maven Project] INFO  o.e.m.j.i.AbstractJavaProjectConfigurator - Adding source folder /Product_crud-1/src/test/java
2023-01-17 10:24:20,591 [Worker-3: Updating Maven Project] INFO  o.e.m.c.i.p.ProjectConfigurationManager - Update completed for 1 poms: local refresh takes 0.00 sec, refresh facades takes 1.00 sec, update config takes 0.00 sec 
2023-01-17 14:04:53,918 [Worker-1: Loading available Gradle versions] INFO  o.e.b.c.i.u.g.PublishedGradleVersions - Gradle version information cache is up-to-date. Trying to read.
2023-01-17 14:58:31,138 [Worker-1: Loading available Gradle versions] INFO  o.e.b.c.i.u.g.PublishedGradleVersions - Gradle version information cache is up-to-date. Trying to read.
2023-01-17 14:58:46,047 [Worker-5: Updating Maven Project] INFO  o.e.m.c.i.p.ProjectConfigurationManager - Update started
2023-01-17 14:58:47,862 [Worker-5: Updating Maven Project] INFO  o.e.m.c.i.l.LifecycleMappingFactory - Using org.eclipse.m2e.jdt.JarLifecycleMapping lifecycle mapping for MavenProject: com.Product:Product_crud-1:0.0.1-SNAPSHOT @ C:\Users\Gagan Kumar\Documents\workspace-spring-tool-suite-4-4.17.1.RELEASE\Product_crud-1\pom.xml.
2023-01-17 14:58:49,437 [Worker-5: Updating Maven Project] INFO  o.e.m.j.i.AbstractJavaProjectConfigurator - Adding source folder /Product_crud-1/src/main/java
2023-01-17 14:58:49,438 [Worker-5: Updating Maven Project] INFO  o.e.m.j.i.AbstractJavaProjectConfigurator - Adding resource folder /Product_crud-1/src/main/resources
2023-01-17 14:58:49,440 [Worker-5: Updating Maven Project] INFO  o.e.m.j.i.AbstractJavaProjectConfigurator - Adding resource folder /Product_crud-1/src/main/resources
2023-01-17 14:58:49,442 [Worker-5: Updating Maven Project] INFO  o.e.m.j.i.AbstractJavaProjectConfigurator - Adding source folder /Product_crud-1/src/test/java
2023-01-17 14:58:50,110 [Worker-5: Updating Maven Project] INFO  o.e.m.c.i.p.ProjectConfigurationManager - Update completed for 1 poms: local refresh takes 0.00 sec, refresh facades takes 3.00 sec, update config takes 0.00 sec 
2023-01-17 14:59:04,018 [Worker-1: Updating Maven Project] INFO  o.e.m.c.i.p.ProjectConfigurationManager - Update started
2023-01-17 14:59:04,400 [Worker-1: Updating Maven Project] INFO  o.e.m.c.i.l.LifecycleMappingFactory - Using org.eclipse.m2e.jdt.JarLifecycleMapping lifecycle mapping for MavenProject: com.Product:Product_crud-1:0.0.1-SNAPSHOT @ C:\Users\Gagan Kumar\Documents\workspace-spring-tool-suite-4-4.17.1.RELEASE\Product_crud-1\pom.xml.
2023-01-17 14:59:04,967 [Worker-1: Updating Maven Project] INFO  o.e.m.j.i.AbstractJavaProjectConfigurator - Adding source folder /Product_crud-1/src/main/java
2023-01-17 14:59:04,967 [Worker-1: Updating Maven Project] INFO  o.e.m.j.i.AbstractJavaProjectConfigurator - Adding resource folder /Product_crud-1/src/main/resources
2023-01-17 14:59:04,968 [Worker-1: Updating Maven Project] INFO  o.e.m.j.i.AbstractJavaProjectConfigurator - Adding resource folder /Product_crud-1/src/main/resources
2023-01-17 14:59:04,970 [Worker-1: Updating Maven Project] INFO  o.e.m.j.i.AbstractJavaProjectConfigurator - Adding source folder /Product_crud-1/src/test/java
2023-01-17 14:59:05,329 [Worker-1: Updating Maven Project] INFO  o.e.m.c.i.p.ProjectConfigurationManager - Update completed for 1 poms: local refresh takes 0.00 sec, refresh facades takes 0.00 sec, update config takes 0.00 sec 
2023-01-17 15:08:04,096 [Worker-12: Updating Maven Project] INFO  o.e.m.c.i.p.ProjectConfigurationManager - Update started
2023-01-17 15:08:04,529 [Worker-12: Updating Maven Project] INFO  o.e.m.c.i.l.LifecycleMappingFactory - Using org.eclipse.m2e.jdt.JarLifecycleMapping lifecycle mapping for MavenProject: com.Product:Product_crud-1:0.0.1-SNAPSHOT @ C:\Users\Gagan Kumar\Documents\workspace-spring-tool-suite-4-4.17.1.RELEASE\Product_crud-1\pom.xml.
2023-01-17 15:08:05,300 [Worker-12: Updating Maven Project] INFO  o.e.m.j.i.AbstractJavaProjectConfigurator - Adding source folder /Product_crud-1/src/main/java
2023-01-17 15:08:05,300 [Worker-12: Updating Maven Project] INFO  o.e.m.j.i.AbstractJavaProjectConfigurator - Adding resource folder /Product_crud-1/src/main/resources
2023-01-17 15:08:05,301 [Worker-12: Updating Maven Project] INFO  o.e.m.j.i.AbstractJavaProjectConfigurator - Adding resource folder /Product_crud-1/src/main/resources
2023-01-17 15:08:05,302 [Worker-12: Updating Maven Project] INFO  o.e.m.j.i.AbstractJavaProjectConfigurator - Adding source folder /Product_crud-1/src/test/java
2023-01-17 15:08:05,712 [Worker-12: Updating Maven Project] INFO  o.e.m.c.i.p.ProjectConfigurationManager - Update completed for 1 poms: local refresh takes 0.00 sec, refresh facades takes 1.00 sec, update config takes 0.00 sec 
2023-01-17 15:08:14,316 [Worker-14: Updating Maven Project] INFO  o.e.m.c.i.p.ProjectConfigurationManager - Update started
2023-01-17 15:08:14,724 [Worker-14: Updating Maven Project] INFO  o.e.m.c.i.l.LifecycleMappingFactory - Using org.eclipse.m2e.jdt.JarLifecycleMapping lifecycle mapping for MavenProject: com.Product:Product_crud-1:0.0.1-SNAPSHOT @ C:\Users\Gagan Kumar\Documents\workspace-spring-tool-suite-4-4.17.1.RELEASE\Product_crud-1\pom.xml.
2023-01-17 15:08:15,319 [Worker-14: Updating Maven Project] INFO  o.e.m.j.i.AbstractJavaProjectConfigurator - Adding source folder /Product_crud-1/src/main/java
2023-01-17 15:08:15,320 [Worker-14: Updating Maven Project] INFO  o.e.m.j.i.AbstractJavaProjectConfigurator - Adding resource folder /Product_crud-1/src/main/resources
2023-01-17 15:08:15,321 [Worker-14: Updating Maven Project] INFO  o.e.m.j.i.AbstractJavaProjectConfigurator - Adding resource folder /Product_crud-1/src/main/resources
2023-01-17 15:08:15,323 [Worker-14: Updating Maven Project] INFO  o.e.m.j.i.AbstractJavaProjectConfigurator - Adding source folder /Product_crud-1/src/test/java
2023-01-17 15:08:15,706 [Worker-14: Updating Maven Project] INFO  o.e.m.c.i.p.ProjectConfigurationManager - Update completed for 1 poms: local refresh takes 0.00 sec, refresh facades takes 0.00 sec, update config takes 0.00 sec 
2023-01-17 15:09:30,207 [Worker-13: Updating Maven Project] INFO  o.e.m.c.i.p.ProjectConfigurationManager - Update started
2023-01-17 15:09:30,512 [Worker-13: Updating Maven Project] INFO  o.e.m.c.i.l.LifecycleMappingFactory - Using org.eclipse.m2e.jdt.JarLifecycleMapping lifecycle mapping for MavenProject: com.Product:Product_crud-1:0.0.1-SNAPSHOT @ C:\Users\Gagan Kumar\Documents\workspace-spring-tool-suite-4-4.17.1.RELEASE\Product_crud-1\pom.xml.
2023-01-17 15:09:31,042 [Worker-13: Updating Maven Project] INFO  o.e.m.j.i.AbstractJavaProjectConfigurator - Adding source folder /Product_crud-1/src/main/java
2023-01-17 15:09:31,042 [Worker-13: Updating Maven Project] INFO  o.e.m.j.i.AbstractJavaProjectConfigurator - Adding resource folder /Product_crud-1/src/main/resources
2023-01-17 15:09:31,043 [Worker-13: Updating Maven Project] INFO  o.e.m.j.i.AbstractJavaProjectConfigurator - Adding resource folder /Product_crud-1/src/main/resources
2023-01-17 15:09:31,044 [Worker-13: Updating Maven Project] INFO  o.e.m.j.i.AbstractJavaProjectConfigurator - Adding source folder /Product_crud-1/src/test/java
2023-01-17 15:09:31,378 [Worker-13: Updating Maven Project] INFO  o.e.m.c.i.p.ProjectConfigurationManager - Update completed for 1 poms: local refresh takes 0.00 sec, refresh facades takes 0.00 sec, update config takes 0.00 sec 
2023-01-17 16:38:22,894 [Worker-20: Updating Maven Project] INFO  o.e.m.c.i.p.ProjectConfigurationManager - Update started
2023-01-17 16:38:24,081 [Worker-20: Updating Maven Project] INFO  o.e.m.c.i.l.LifecycleMappingFactory - Using org.eclipse.m2e.jdt.JarLifecycleMapping lifecycle mapping for MavenProject: com.Product:Product_crud-1:0.0.1-SNAPSHOT @ C:\Users\Gagan Kumar\Documents\workspace-spring-tool-suite-4-4.17.1.RELEASE\Product_crud-1\pom.xml.
2023-01-17 16:38:26,467 [Worker-20: Updating Maven Project] INFO  o.e.m.j.i.AbstractJavaProjectConfigurator - Adding source folder /Product_crud-1/src/main/java
2023-01-17 16:38:26,470 [Worker-20: Updating Maven Project] INFO  o.e.m.j.i.AbstractJavaProjectConfigurator - Adding resource folder /Product_crud-1/src/main/resources
2023-01-17 16:38:26,470 [Worker-20: Updating Maven Project] INFO  o.e.m.j.i.AbstractJavaProjectConfigurator - Adding resource folder /Product_crud-1/src/main/resources
2023-01-17 16:38:26,473 [Worker-20: Updating Maven Project] INFO  o.e.m.j.i.AbstractJavaProjectConfigurator - Adding source folder /Product_crud-1/src/test/java
2023-01-17 16:38:27,111 [Worker-20: Updating Maven Project] INFO  o.e.m.c.i.p.ProjectConfigurationManager - Update completed for 1 poms: local refresh takes 0.00 sec, refresh facades takes 3.00 sec, update config takes 0.00 sec 
2023-01-18 23:15:31,211 [Worker-4: Loading available Gradle versions] INFO  o.e.b.c.i.u.g.PublishedGradleVersions - Gradle version information cache is up-to-date. Trying to read.
2023-01-18 23:20:55,063 [Worker-7: Import Getting Started Content] INFO  o.e.m.c.i.l.LifecycleMappingFactory - Using org.eclipse.m2e.jdt.JarLifecycleMapping lifecycle mapping for MavenProject: com.Product:Product-CRUD:1.1 @ C:\Users\Gagan Kumar\Documents\workspace-spring-tool-suite-4-4.17.1.RELEASE\Product_crud-2\pom.xml.
2023-01-18 23:20:57,101 [Worker-7: Import Getting Started Content] INFO  o.e.m.j.i.AbstractJavaProjectConfigurator - Adding source folder /Product_crud-2/src/main/java
2023-01-18 23:20:57,103 [Worker-7: Import Getting Started Content] INFO  o.e.m.j.i.AbstractJavaProjectConfigurator - Adding resource folder /Product_crud-2/src/main/resources
2023-01-18 23:20:57,110 [Worker-7: Import Getting Started Content] INFO  o.e.m.j.i.AbstractJavaProjectConfigurator - Adding resource folder /Product_crud-2/src/main/resources
2023-01-18 23:20:57,118 [Worker-7: Import Getting Started Content] INFO  o.e.m.j.i.AbstractJavaProjectConfigurator - Adding source folder /Product_crud-2/src/test/java
2023-01-18 23:20:57,603 [Worker-7: Import Getting Started Content] INFO  o.e.m.c.i.p.ProjectConfigurationManager - Imported and configured 1 project(s) in 4 sec
2023-01-18 23:20:57,610 [Worker-7: Import Getting Started Content] INFO  o.e.m.c.i.p.ProjectConfigurationManager - Update started
2023-01-18 23:20:57,979 [Worker-7: Import Getting Started Content] INFO  o.e.m.c.i.l.LifecycleMappingFactory - Using org.eclipse.m2e.jdt.JarLifecycleMapping lifecycle mapping for MavenProject: com.Product:Product-CRUD:1.1 @ C:\Users\Gagan Kumar\Documents\workspace-spring-tool-suite-4-4.17.1.RELEASE\Product_crud-2\pom.xml.
2023-01-18 23:20:58,720 [Worker-7: Import Getting Started Content] INFO  o.e.m.j.i.AbstractJavaProjectConfigurator - Adding source folder /Product_crud-2/src/main/java
2023-01-18 23:20:58,721 [Worker-7: Import Getting Started Content] INFO  o.e.m.j.i.AbstractJavaProjectConfigurator - Adding resource folder /Product_crud-2/src/main/resources
2023-01-18 23:20:58,723 [Worker-7: Import Getting Started Content] INFO  o.e.m.j.i.AbstractJavaProjectConfigurator - Adding resource folder /Product_crud-2/src/main/resources
2023-01-18 23:20:58,725 [Worker-7: Import Getting Started Content] INFO  o.e.m.j.i.AbstractJavaProjectConfigurator - Adding source folder /Product_crud-2/src/test/java
2023-01-18 23:20:59,283 [Worker-7: Import Getting Started Content] INFO  o.e.m.c.i.p.ProjectConfigurationManager - Update completed for 1 poms: local refresh takes 0.00 sec, refresh facades takes 1.00 sec, update config takes 0.00 sec 
2023-01-18 23:20:59,506 [Worker-12: Updating Maven Project] INFO  o.e.m.c.i.p.ProjectConfigurationManager - Update started
2023-01-18 23:20:59,897 [Worker-12: Updating Maven Project] INFO  o.e.m.c.i.l.LifecycleMappingFactory - Using org.eclipse.m2e.jdt.JarLifecycleMapping lifecycle mapping for MavenProject: com.Product:Product-CRUD:1.1 @ C:\Users\Gagan Kumar\Documents\workspace-spring-tool-suite-4-4.17.1.RELEASE\Product_crud-2\pom.xml.
2023-01-18 23:21:00,598 [Worker-12: Updating Maven Project] INFO  o.e.m.j.i.AbstractJavaProjectConfigurator - Adding source folder /Product_crud-2/src/main/java
2023-01-18 23:21:00,599 [Worker-12: Updating Maven Project] INFO  o.e.m.j.i.AbstractJavaProjectConfigurator - Adding resource folder /Product_crud-2/src/main/resources
2023-01-18 23:21:00,600 [Worker-12: Updating Maven Project] INFO  o.e.m.j.i.AbstractJavaProjectConfigurator - Adding resource folder /Product_crud-2/src/main/resources
2023-01-18 23:21:00,602 [Worker-12: Updating Maven Project] INFO  o.e.m.j.i.AbstractJavaProjectConfigurator - Adding source folder /Product_crud-2/src/test/java
2023-01-18 23:21:01,013 [Worker-12: Updating Maven Project] INFO  o.e.m.c.i.p.ProjectConfigurationManager - Update completed for 1 poms: local refresh takes 0.00 sec, refresh facades takes 1.00 sec, update config takes 0.00 sec 
2023-01-18 23:22:01,700 [Worker-7: Building] INFO  o.e.m.c.i.l.LifecycleMappingFactory - Using org.eclipse.m2e.jdt.JarLifecycleMapping lifecycle mapping for MavenProject: com.Product:Product-CRUD:1.1 @ C:\Users\Gagan Kumar\Documents\workspace-spring-tool-suite-4-4.17.1.RELEASE\Product-CRUD\pom.xml.
2023-01-18 23:22:02,537 [Worker-7: Building] INFO  o.a.m.s.f.DefaultMavenResourcesFiltering - Copying 1 resource
2023-01-18 23:22:02,570 [Worker-7: Building] INFO  o.a.m.s.f.DefaultMavenResourcesFiltering - Copying 0 resource
2023-01-18 23:22:02,582 [Worker-7: Building] INFO  o.a.m.s.f.DefaultMavenResourcesFiltering - skip non existing resourceDirectory C:\Users\Gagan Kumar\Documents\workspace-spring-tool-suite-4-4.17.1.RELEASE\Product-CRUD\src\test\resources
2023-01-18 23:22:03,039 [Worker-10: Building] INFO  o.a.m.s.f.DefaultMavenResourcesFiltering - Copying 1 resource
2023-01-18 23:22:03,043 [Worker-10: Building] INFO  o.a.m.s.f.DefaultMavenResourcesFiltering - Copying 0 resource
2023-01-18 23:22:03,048 [Worker-10: Building] INFO  o.a.m.s.f.DefaultMavenResourcesFiltering - skip non existing resourceDirectory C:\Users\Gagan Kumar\Documents\workspace-spring-tool-suite-4-4.17.1.RELEASE\Product-CRUD\src\test\resources
2023-01-18 23:23:22,003 [Worker-10: Updating Maven Project] INFO  o.e.m.c.i.p.ProjectConfigurationManager - Update started
2023-01-18 23:23:22,303 [Worker-10: Updating Maven Project] INFO  o.e.m.c.i.l.LifecycleMappingFactory - Using org.eclipse.m2e.jdt.JarLifecycleMapping lifecycle mapping for MavenProject: com.Product:Product-CRUD:1.1 @ C:\Users\Gagan Kumar\Documents\workspace-spring-tool-suite-4-4.17.1.RELEASE\Product-CRUD\pom.xml.
2023-01-18 23:23:22,912 [Worker-10: Updating Maven Project] INFO  o.e.m.j.i.AbstractJavaProjectConfigurator - Adding source folder /Product-CRUD/src/main/java
2023-01-18 23:23:22,913 [Worker-10: Updating Maven Project] INFO  o.e.m.j.i.AbstractJavaProjectConfigurator - Adding resource folder /Product-CRUD/src/main/resources
2023-01-18 23:23:22,914 [Worker-10: Updating Maven Project] INFO  o.e.m.j.i.AbstractJavaProjectConfigurator - Adding resource folder /Product-CRUD/src/main/resources
2023-01-18 23:23:22,915 [Worker-10: Updating Maven Project] INFO  o.e.m.j.i.AbstractJavaProjectConfigurator - Adding source folder /Product-CRUD/src/test/java
2023-01-18 23:23:23,250 [Worker-10: Updating Maven Project] INFO  o.e.m.c.i.p.ProjectConfigurationManager - Update completed for 1 poms: local refresh takes 0.00 sec, refresh facades takes 0.00 sec, update config takes 0.00 sec 
2023-01-18 23:23:33,419 [Worker-10: Building] INFO  o.e.m.c.i.l.LifecycleMappingFactory - Using org.eclipse.m2e.jdt.JarLifecycleMapping lifecycle mapping for MavenProject: com.Product:Product-CRUD:1.1 @ C:\Users\Gagan Kumar\Documents\workspace-spring-tool-suite-4-4.17.1.RELEASE\Product-CRUD\pom.xml.
2023-01-18 23:23:34,090 [Worker-10: Building] INFO  o.a.m.s.f.DefaultMavenResourcesFiltering - Copying 0 resource
2023-01-18 23:23:34,091 [Worker-10: Building] INFO  o.a.m.s.f.DefaultMavenResourcesFiltering - Copying 0 resource
2023-01-18 23:23:34,097 [Worker-10: Building] INFO  o.a.m.s.f.DefaultMavenResourcesFiltering - skip non existing resourceDirectory C:\Users\Gagan Kumar\Documents\workspace-spring-tool-suite-4-4.17.1.RELEASE\Product-CRUD\src\test\resources
2023-01-18 23:23:34,703 [Worker-7: Updating Maven Project] INFO  o.e.m.c.i.p.ProjectConfigurationManager - Update started
2023-01-18 23:23:35,010 [Worker-7: Updating Maven Project] INFO  o.e.m.c.i.l.LifecycleMappingFactory - Using org.eclipse.m2e.jdt.JarLifecycleMapping lifecycle mapping for MavenProject: com.Product:Product-CRUD:1.1 @ C:\Users\Gagan Kumar\Documents\workspace-spring-tool-suite-4-4.17.1.RELEASE\Product-CRUD\pom.xml.
2023-01-18 23:23:35,599 [Worker-7: Updating Maven Project] INFO  o.e.m.j.i.AbstractJavaProjectConfigurator - Adding source folder /Product-CRUD/src/main/java
2023-01-18 23:23:35,600 [Worker-7: Updating Maven Project] INFO  o.e.m.j.i.AbstractJavaProjectConfigurator - Adding resource folder /Product-CRUD/src/main/resources
2023-01-18 23:23:35,600 [Worker-7: Updating Maven Project] INFO  o.e.m.j.i.AbstractJavaProjectConfigurator - Adding resource folder /Product-CRUD/src/main/resources
2023-01-18 23:23:35,602 [Worker-7: Updating Maven Project] INFO  o.e.m.j.i.AbstractJavaProjectConfigurator - Adding source folder /Product-CRUD/src/test/java
2023-01-18 23:23:35,977 [Worker-7: Updating Maven Project] INFO  o.e.m.c.i.p.ProjectConfigurationManager - Update completed for 1 poms: local refresh takes 0.00 sec, refresh facades takes 0.00 sec, update config takes 0.00 sec 
2023-01-18 23:23:44,032 [Worker-13: Updating Maven Project] INFO  o.e.m.c.i.p.ProjectConfigurationManager - Update started
2023-01-18 23:23:44,259 [Worker-13: Updating Maven Project] INFO  o.e.m.c.i.l.LifecycleMappingFactory - Using org.eclipse.m2e.jdt.JarLifecycleMapping lifecycle mapping for MavenProject: com.Product:Product-CRUD:1.1 @ C:\Users\Gagan Kumar\Documents\workspace-spring-tool-suite-4-4.17.1.RELEASE\Product-CRUD\pom.xml.
2023-01-18 23:23:44,650 [Worker-13: Updating Maven Project] INFO  o.e.m.j.i.AbstractJavaProjectConfigurator - Adding source folder /Product-CRUD/src/main/java
2023-01-18 23:23:44,650 [Worker-13: Updating Maven Project] INFO  o.e.m.j.i.AbstractJavaProjectConfigurator - Adding resource folder /Product-CRUD/src/main/resources
2023-01-18 23:23:44,651 [Worker-13: Updating Maven Project] INFO  o.e.m.j.i.AbstractJavaProjectConfigurator - Adding resource folder /Product-CRUD/src/main/resources
2023-01-18 23:23:44,652 [Worker-13: Updating Maven Project] INFO  o.e.m.j.i.AbstractJavaProjectConfigurator - Adding source folder /Product-CRUD/src/test/java
2023-01-18 23:23:44,955 [Worker-13: Updating Maven Project] INFO  o.e.m.c.i.p.ProjectConfigurationManager - Update completed for 1 poms: local refresh takes 0.00 sec, refresh facades takes 0.00 sec, update config takes 0.00 sec 
2023-01-18 23:56:54,829 [Worker-16: Updating Maven Project] INFO  o.e.m.c.i.p.ProjectConfigurationManager - Update started
2023-01-18 23:56:55,241 [Worker-16: Updating Maven Project] INFO  o.e.m.c.i.l.LifecycleMappingFactory - Using org.eclipse.m2e.jdt.JarLifecycleMapping lifecycle mapping for MavenProject: com.Product:Product-CRUD:1.1 @ C:\Users\Gagan Kumar\Documents\workspace-spring-tool-suite-4-4.17.1.RELEASE\Product-CRUD\pom.xml.
2023-01-18 23:56:56,253 [Worker-16: Updating Maven Project] INFO  o.e.m.j.i.AbstractJavaProjectConfigurator - Adding source folder /Product-CRUD/src/main/java
2023-01-18 23:56:56,254 [Worker-16: Updating Maven Project] INFO  o.e.m.j.i.AbstractJavaProjectConfigurator - Adding resource folder /Product-CRUD/src/main/resources
2023-01-18 23:56:56,256 [Worker-16: Updating Maven Project] INFO  o.e.m.j.i.AbstractJavaProjectConfigurator - Adding resource folder /Product-CRUD/src/main/resources
2023-01-18 23:56:56,257 [Worker-16: Updating Maven Project] INFO  o.e.m.j.i.AbstractJavaProjectConfigurator - Adding source folder /Product-CRUD/src/test/java
2023-01-18 23:56:56,624 [Worker-16: Updating Maven Project] INFO  o.e.m.c.i.p.ProjectConfigurationManager - Update completed for 1 poms: local refresh takes 0.00 sec, refresh facades takes 1.00 sec, update config takes 0.00 sec 
2023-01-18 23:58:22,551 [Worker-15: Updating Maven Project] INFO  o.e.m.c.i.p.ProjectConfigurationManager - Update started
2023-01-18 23:58:22,867 [Worker-15: Updating Maven Project] INFO  o.e.m.c.i.l.LifecycleMappingFactory - Using org.eclipse.m2e.jdt.JarLifecycleMapping lifecycle mapping for MavenProject: com.Product:Product-CRUD:1.1 @ C:\Users\Gagan Kumar\Documents\workspace-spring-tool-suite-4-4.17.1.RELEASE\Product-CRUD\pom.xml.
2023-01-18 23:58:23,357 [Worker-15: Updating Maven Project] INFO  o.e.m.j.i.AbstractJavaProjectConfigurator - Adding source folder /Product-CRUD/src/main/java
2023-01-18 23:58:23,358 [Worker-15: Updating Maven Project] INFO  o.e.m.j.i.AbstractJavaProjectConfigurator - Adding resource folder /Product-CRUD/src/main/resources
2023-01-18 23:58:23,359 [Worker-15: Updating Maven Project] INFO  o.e.m.j.i.AbstractJavaProjectConfigurator - Adding resource folder /Product-CRUD/src/main/resources
2023-01-18 23:58:23,360 [Worker-15: Updating Maven Project] INFO  o.e.m.j.i.AbstractJavaProjectConfigurator - Adding source folder /Product-CRUD/src/test/java
2023-01-18 23:58:23,706 [Worker-15: Updating Maven Project] INFO  o.e.m.c.i.p.ProjectConfigurationManager - Update completed for 1 poms: local refresh takes 0.00 sec, refresh facades takes 0.00 sec, update config takes 0.00 sec 
2023-01-18 23:58:50,919 [Worker-13: Updating Maven Project] INFO  o.e.m.c.i.p.ProjectConfigurationManager - Update started
2023-01-18 23:58:51,318 [Worker-13: Updating Maven Project] INFO  o.e.m.c.i.l.LifecycleMappingFactory - Using org.eclipse.m2e.jdt.JarLifecycleMapping lifecycle mapping for MavenProject: com.Product:Product-CRUD:1.1 @ C:\Users\Gagan Kumar\Documents\workspace-spring-tool-suite-4-4.17.1.RELEASE\Product-CRUD\pom.xml.
2023-01-18 23:58:52,068 [Worker-13: Updating Maven Project] INFO  o.e.m.j.i.AbstractJavaProjectConfigurator - Adding source folder /Product-CRUD/src/main/java
2023-01-18 23:58:52,069 [Worker-13: Updating Maven Project] INFO  o.e.m.j.i.AbstractJavaProjectConfigurator - Adding resource folder /Product-CRUD/src/main/resources
2023-01-18 23:58:52,070 [Worker-13: Updating Maven Project] INFO  o.e.m.j.i.AbstractJavaProjectConfigurator - Adding resource folder /Product-CRUD/src/main/resources
2023-01-18 23:58:52,071 [Worker-13: Updating Maven Project] INFO  o.e.m.j.i.AbstractJavaProjectConfigurator - Adding source folder /Product-CRUD/src/test/java
2023-01-18 23:58:52,628 [Worker-13: Updating Maven Project] INFO  o.e.m.c.i.p.ProjectConfigurationManager - Update completed for 1 poms: local refresh takes 0.00 sec, refresh facades takes 1.00 sec, update config takes 0.00 sec 
2023-01-18 23:59:34,466 [Worker-17: Updating Maven Project] INFO  o.e.m.c.i.p.ProjectConfigurationManager - Update started
2023-01-18 23:59:34,876 [Worker-17: Updating Maven Project] INFO  o.e.m.c.i.l.LifecycleMappingFactory - Using org.eclipse.m2e.jdt.JarLifecycleMapping lifecycle mapping for MavenProject: com.Product:Product-CRUD:1.1 @ C:\Users\Gagan Kumar\Documents\workspace-spring-tool-suite-4-4.17.1.RELEASE\Product-CRUD\pom.xml.
2023-01-18 23:59:35,871 [Worker-17: Updating Maven Project] INFO  o.e.m.j.i.AbstractJavaProjectConfigurator - Adding source folder /Product-CRUD/src/main/java
2023-01-18 23:59:35,872 [Worker-17: Updating Maven Project] INFO  o.e.m.j.i.AbstractJavaProjectConfigurator - Adding resource folder /Product-CRUD/src/main/resources
2023-01-18 23:59:35,873 [Worker-17: Updating Maven Project] INFO  o.e.m.j.i.AbstractJavaProjectConfigurator - Adding resource folder /Product-CRUD/src/main/resources
2023-01-18 23:59:35,874 [Worker-17: Updating Maven Project] INFO  o.e.m.j.i.AbstractJavaProjectConfigurator - Adding source folder /Product-CRUD/src/test/java
2023-01-18 23:59:36,440 [Worker-17: Updating Maven Project] INFO  o.e.m.c.i.p.ProjectConfigurationManager - Update completed for 1 poms: local refresh takes 0.00 sec, refresh facades takes 1.00 sec, update config takes 0.00 sec 
2023-01-19 00:31:35,866 [Worker-32: Updating Maven Project] INFO  o.e.m.c.i.p.ProjectConfigurationManager - Update started
2023-01-19 00:31:36,381 [Worker-32: Updating Maven Project] INFO  o.e.m.c.i.l.LifecycleMappingFactory - Using org.eclipse.m2e.jdt.JarLifecycleMapping lifecycle mapping for MavenProject: com.Product:Product-CRUD:1.1 @ C:\Users\Gagan Kumar\Documents\workspace-spring-tool-suite-4-4.17.1.RELEASE\Product-CRUD\pom.xml.
2023-01-19 00:31:37,266 [Worker-32: Updating Maven Project] INFO  o.e.m.j.i.AbstractJavaProjectConfigurator - Adding source folder /Product-CRUD/src/main/java
2023-01-19 00:31:37,267 [Worker-32: Updating Maven Project] INFO  o.e.m.j.i.AbstractJavaProjectConfigurator - Adding resource folder /Product-CRUD/src/main/resources
2023-01-19 00:31:37,268 [Worker-32: Updating Maven Project] INFO  o.e.m.j.i.AbstractJavaProjectConfigurator - Adding resource folder /Product-CRUD/src/main/resources
2023-01-19 00:31:37,269 [Worker-32: Updating Maven Project] INFO  o.e.m.j.i.AbstractJavaProjectConfigurator - Adding source folder /Product-CRUD/src/test/java
2023-01-19 00:31:37,671 [Worker-32: Updating Maven Project] INFO  o.e.m.c.i.p.ProjectConfigurationManager - Update completed for 1 poms: local refresh takes 0.00 sec, refresh facades takes 1.00 sec, update config takes 0.00 sec 
2023-01-19 00:32:33,948 [Worker-29: Updating Maven Project] INFO  o.e.m.c.i.p.ProjectConfigurationManager - Update started
2023-01-19 00:32:34,198 [Worker-29: Updating Maven Project] INFO  o.e.m.c.i.l.LifecycleMappingFactory - Using org.eclipse.m2e.jdt.JarLifecycleMapping lifecycle mapping for MavenProject: com.Product:Product-CRUD:1.1 @ C:\Users\Gagan Kumar\Documents\workspace-spring-tool-suite-4-4.17.1.RELEASE\Product-CRUD\pom.xml.
2023-01-19 00:32:34,738 [Worker-29: Updating Maven Project] INFO  o.e.m.j.i.AbstractJavaProjectConfigurator - Adding source folder /Product-CRUD/src/main/java
2023-01-19 00:32:34,738 [Worker-29: Updating Maven Project] INFO  o.e.m.j.i.AbstractJavaProjectConfigurator - Adding resource folder /Product-CRUD/src/main/resources
2023-01-19 00:32:34,739 [Worker-29: Updating Maven Project] INFO  o.e.m.j.i.AbstractJavaProjectConfigurator - Adding resource folder /Product-CRUD/src/main/resources
2023-01-19 00:32:34,741 [Worker-29: Updating Maven Project] INFO  o.e.m.j.i.AbstractJavaProjectConfigurator - Adding source folder /Product-CRUD/src/test/java
2023-01-19 00:32:35,087 [Worker-29: Updating Maven Project] INFO  o.e.m.c.i.p.ProjectConfigurationManager - Update completed for 1 poms: local refresh takes 0.00 sec, refresh facades takes 0.00 sec, update config takes 0.00 sec 
